<?xml version="1.0" encoding="UTF-8"?>
<testng-results skipped="0" failed="0" ignored="2" total="2" passed="0">
  <reporter-output>
  </reporter-output>
  <suite name="Default suite" duration-ms="17" started-at="2019-12-13T19:09:06 EST" finished-at="2019-12-13T19:09:06 EST">
    <groups>
    </groups>
    <test name="Default test" duration-ms="17" started-at="2019-12-13T19:09:06 EST" finished-at="2019-12-13T19:09:06 EST">
    </test> <!-- Default test -->
  </suite> <!-- Default suite -->
</testng-results>
