<?xml version="1.0" encoding="UTF-8"?>
<testng-results skipped="0" failed="0" ignored="0" total="5" passed="5">
  <reporter-output>
  </reporter-output>
  <suite name="Default suite" duration-ms="5400" started-at="2020-04-18T08:56:55 EDT" finished-at="2020-04-18T08:57:00 EDT">
    <groups>
    </groups>
    <test name="Default test" duration-ms="5400" started-at="2020-04-18T08:56:55 EDT" finished-at="2020-04-18T08:57:00 EDT">
      <class name="restApi.PostTest">
        <test-method status="PASS" signature="deletechUSersJsonObject()[pri:0, instance:restApi.PostTest@1efed156]" name="deletechUSersJsonObject" duration-ms="3743" started-at="2020-04-18T08:56:55 EDT" finished-at="2020-04-18T08:56:58 EDT">
          <reporter-output>
          </reporter-output>
        </test-method> <!-- deletechUSersJsonObject -->
        <test-method status="PASS" signature="patchUSersJsonObject()[pri:0, instance:restApi.PostTest@1efed156]" name="patchUSersJsonObject" duration-ms="500" started-at="2020-04-18T08:56:58 EDT" finished-at="2020-04-18T08:56:59 EDT">
          <reporter-output>
          </reporter-output>
        </test-method> <!-- patchUSersJsonObject -->
        <test-method status="PASS" signature="postUSersJsonObject()[pri:0, instance:restApi.PostTest@1efed156]" name="postUSersJsonObject" duration-ms="347" started-at="2020-04-18T08:56:59 EDT" finished-at="2020-04-18T08:56:59 EDT">
          <reporter-output>
          </reporter-output>
        </test-method> <!-- postUSersJsonObject -->
        <test-method status="PASS" signature="postUSersNormalMap()[pri:0, instance:restApi.PostTest@1efed156]" name="postUSersNormalMap" duration-ms="384" started-at="2020-04-18T08:56:59 EDT" finished-at="2020-04-18T08:57:00 EDT">
          <reporter-output>
          </reporter-output>
        </test-method> <!-- postUSersNormalMap -->
        <test-method status="PASS" signature="putUSersJsonObject()[pri:0, instance:restApi.PostTest@1efed156]" name="putUSersJsonObject" duration-ms="316" started-at="2020-04-18T08:57:00 EDT" finished-at="2020-04-18T08:57:00 EDT">
          <reporter-output>
          </reporter-output>
        </test-method> <!-- putUSersJsonObject -->
      </class> <!-- restApi.PostTest -->
    </test> <!-- Default test -->
  </suite> <!-- Default suite -->
</testng-results>
