<?xml version="1.0" encoding="UTF-8"?>
<!-- Generated by org.testng.reporters.JUnitXMLReporter -->
<testsuite hostname="AST-pc" ignored="0" name="Default test" tests="5" failures="0" timestamp="2020-04-18T08:57:00 EDT" time="5.4" errors="0">
  <testcase name="deletechUSersJsonObject" time="3.743" classname="restApi.PostTest"/>
  <testcase name="patchUSersJsonObject" time="0.5" classname="restApi.PostTest"/>
  <testcase name="postUSersJsonObject" time="0.347" classname="restApi.PostTest"/>
  <testcase name="postUSersNormalMap" time="0.384" classname="restApi.PostTest"/>
  <testcase name="putUSersJsonObject" time="0.316" classname="restApi.PostTest"/>
</testsuite> <!-- Default test -->
